<?xml version="1.0" encoding="UTF-8"?>
<testsuite name="com.example.AppTest" tests="1" skipped="0" failures="0" errors="0" timestamp="2025-05-29T08:48:19.719Z" hostname="paul-VirtualBox" time="0.024">
  <properties/>
  <testcase name="testGetMessage()" classname="com.example.AppTest" time="0.024"/>
  <system-out><![CDATA[]]></system-out>
  <system-err><![CDATA[]]></system-err>
</testsuite>
